<?xml version="1.0" encoding="UTF-8"?>
<!-- Generated by org.testng.reporters.JUnitXMLReporter -->
<testsuite hostname="IT3ANCVR" failures="0" tests="5" name="Default test" time="19.555" errors="0" timestamp="2 Sep 2020 11:05:12 GMT">
  <testcase classname="Utilities.DataProviderTest" name="TrialTest" time="5.022"/>
  <testcase classname="Utilities.DataProviderTest" name="TrialTest" time="2.11"/>
  <testcase classname="Utilities.DataProviderTest" name="TrialTest" time="3.21"/>
  <testcase classname="Utilities.DataProviderTest" name="TrialTest" time="4.041"/>
  <testcase classname="Utilities.DataProviderTest" name="testMethod" time="1.41"/>
</testsuite> <!-- Default test -->
