<?xml version="1.0" encoding="UTF-8"?>
<!-- Generated by org.testng.reporters.JUnitXMLReporter -->
<testsuite hostname="IT3ANCVR" name="Default test" tests="4" failures="1" timestamp="10 Nov 2020 09:07:52 GMT" time="18.546" errors="0">
  <testcase name="runScenario" time="8.101" classname="runner.SearchRunner">
    <failure type="java.lang.AssertionError">
      <![CDATA[java.lang.AssertionError
	at steps.Search.wikipedia_website_is_opened(Search.java:43)
	at ✽.Wikipedia website is opened(file:///D:/Automation/HybridFramework/src/test/java/features/Search.feature:9)
]]>
    </failure>
  </testcase> <!-- runScenario -->
  <testcase name="runScenario" time="3.452" classname="runner.SearchRunner"/>
  <testcase name="runScenario" time="2.114" classname="runner.SearchRunner"/>
  <testcase name="runScenario" time="2.297" classname="runner.SearchRunner"/>
</testsuite> <!-- Default test -->
