<?xml version="1.0" encoding="UTF-8"?>
<!-- Generated by org.testng.reporters.JUnitXMLReporter -->
<testsuite hostname="IT3ANCVR" failures="0" tests="15" name="Consumption" time="91.143" errors="0" timestamp="10 Aug 2020 08:33:05 GMT">
  <testcase classname="Consumption.ConsumptionErrorTest" name="RequestWithoutMsisdn" time="17.596"/>
  <testcase classname="Consumption.ConsumptionErrorTest" name="RequestWithoutToken" time="4.753"/>
  <testcase classname="Consumption.ConsumptionErrorTest" name="RequestWrongURL" time="0.77"/>
  <testcase classname="Consumption.ConsumptionErrorTest" name="PostRequest" time="0.767"/>
  <testcase classname="Consumption.ConsumptionErrorTest" name="badRequest" time="2.131"/>
  <testcase classname="Consumption.ConsumptionErrorTest" name="missningQRequest" time="17.952"/>
  <testcase classname="Consumption.ConsumptionErrorTest" name="RequestWithoutContentType" time="0.227"/>
  <testcase classname="Consumption.ConsumptionErrorTest" name="RequestWithDifferentMSISDN" time="2.332"/>
  <testcase classname="Consumption.ConsumptionGeneralProductsTest" name="roamingProduct" time="0.001"/>
  <testcase classname="Consumption.ConsumptionGeneralProductsTest" name="familyProduct" time="0.002"/>
  <testcase classname="Consumption.ConsumptionGeneralProductsTest" name="dataProduct" time="0.002"/>
  <testcase classname="Consumption.ConsumptionGeneralProductsTest" name="supperpassProduct" time="0.002"/>
  <testcase classname="Consumption.ConsumptionGeneralProductsTest" name="noRoamingProduct" time="0.002"/>
  <testcase classname="Consumption.ConsumptionGeneralProductsTest" name="noFamilyProduct" time="0.001"/>
  <testcase classname="Consumption.ConsumptionGeneralProductsTest" name="NoDataProduct" time="0.001"/>
</testsuite> <!-- Consumption -->
