<?xml version="1.0" encoding="UTF-8"?>
<!-- Generated by org.testng.reporters.JUnitXMLReporter -->
<testsuite hostname="IT3ANCVR" failures="0" tests="9" name="Loyalty" time="21.292" errors="0" timestamp="10 Aug 2020 08:31:34 GMT">
  <testcase classname="Loyalty.LoyaltyTest" name="RedPointsHasValue" time="0.057"/>
  <testcase classname="Loyalty.LoyaltyTest" name="RedPointsAreZero" time="0.031"/>
  <testcase classname="Loyalty.LoyaltyTest" name="RedNotEligibleForLoyalty" time="0.041"/>
  <testcase classname="Loyalty.LoyaltyTest" name="NonRedNumber" time="0.03"/>
  <testcase classname="Loyalty.LoyaltyErrorTest" name="RequestWithoutMsisdn" time="1.065"/>
  <testcase classname="Loyalty.LoyaltyErrorTest" name="RequestWithoutToken" time="0.662"/>
  <testcase classname="Loyalty.LoyaltyErrorTest" name="RequestWrongURL" time="0.707"/>
  <testcase classname="Loyalty.LoyaltyErrorTest" name="PostRequest" time="0.195"/>
  <testcase classname="Loyalty.LoyaltyErrorTest" name="RequestWithoutContentType" time="0.232"/>
</testsuite> <!-- Loyalty -->
