<?xml version="1.0" encoding="UTF-8"?>
<!-- Generated by org.testng.reporters.JUnitXMLReporter -->
<testsuite hostname="IT3ANCVR" failures="0" tests="9" name="Loyalty" time="9.88" errors="0" timestamp="2 Sep 2020 13:29:45 GMT">
  <testcase classname="loyalty.LoyaltyTest" name="RedPointsHasValue" time="0.094"/>
  <testcase classname="loyalty.LoyaltyTest" name="RedPointsAreZero" time="0.016"/>
  <testcase classname="loyalty.LoyaltyTest" name="RedNotEligibleForLoyalty" time="0.04"/>
  <testcase classname="loyalty.LoyaltyTest" name="NonRedNumber" time="0.032"/>
  <testcase classname="loyalty.LoyaltyErrorTest" name="RequestWithoutmsisdn" time="0.803"/>
  <testcase classname="loyalty.LoyaltyErrorTest" name="RequestWithoutToken" time="0.687"/>
  <testcase classname="loyalty.LoyaltyErrorTest" name="RequestWrongURL" time="0.721"/>
  <testcase classname="loyalty.LoyaltyErrorTest" name="PostRequest" time="0.745"/>
  <testcase classname="loyalty.LoyaltyErrorTest" name="RequestWithoutContentType" time="0.703"/>
</testsuite> <!-- Loyalty -->
