<?xml version="1.0" encoding="UTF-8"?>
<!-- Generated by org.testng.reporters.JUnitXMLReporter -->
<testsuite hostname="IT3ANCVR" failures="1" tests="1" name="Calculator" time="27.616" errors="0" timestamp="15 Aug 2020 22:54:46 GMT">
  <testcase classname="Desktop.CalculatorTest" name="Add" time="27.239">
    <failure type="org.openqa.selenium.NoSuchElementException" message="Element cannot be found (WARNING: The server did not provide any stacktrace information)
Command duration or timeout: 0 milliseconds
For documentation on this error, please visit: https://www.seleniumhq.org/exceptions/no_such_element.html
Build info: version: &amp;apos;3.141.59&amp;apos;, revision: &amp;apos;e82be7d358&amp;apos;, time: &amp;apos;2018-11-14T08:17:03&amp;apos;
System info: host: &amp;apos;IT3ANCVR&amp;apos;, ip: &amp;apos;100.91.56.103&amp;apos;, os.name: &amp;apos;Windows 10&amp;apos;, os.arch: &amp;apos;amd64&amp;apos;, os.version: &amp;apos;10.0&amp;apos;, java.version: &amp;apos;13.0.1&amp;apos;
Driver info: org.openqa.selenium.winium.WiniumDriver
Capabilities {app: C:\Windows\System32\calc.exe, args: , debugConnectToRunningApp: false, innerPort: 9998, javascriptEnabled: true, keyboardSimulator: 1, launchDelay: 0, platform: ANY, platformName: ANY}
Session ID: AwesomeSession
*** Element info: {Using=name, value=Display is 3}">
      <![CDATA[org.openqa.selenium.NoSuchElementException: Element cannot be found (WARNING: The server did not provide any stacktrace information)
Command duration or timeout: 0 milliseconds
For documentation on this error, please visit: https://www.seleniumhq.org/exceptions/no_such_element.html
Build info: version: '3.141.59', revision: 'e82be7d358', time: '2018-11-14T08:17:03'
System info: host: 'IT3ANCVR', ip: '100.91.56.103', os.name: 'Windows 10', os.arch: 'amd64', os.version: '10.0', java.version: '13.0.1'
Driver info: org.openqa.selenium.winium.WiniumDriver
Capabilities {app: C:\Windows\System32\calc.exe, args: , debugConnectToRunningApp: false, innerPort: 9998, javascriptEnabled: true, keyboardSimulator: 1, launchDelay: 0, platform: ANY, platformName: ANY}
Session ID: AwesomeSession
*** Element info: {Using=name, value=Display is 3}
	at org.openqa.selenium.remote.ErrorHandler.createThrowable(ErrorHandler.java:214)
	at org.openqa.selenium.remote.ErrorHandler.throwIfResponseFailed(ErrorHandler.java:166)
	at org.openqa.selenium.remote.http.JsonHttpResponseCodec.reconstructValue(JsonHttpResponseCodec.java:40)
	at org.openqa.selenium.remote.http.AbstractHttpResponseCodec.decode(AbstractHttpResponseCodec.java:80)
	at org.openqa.selenium.remote.http.AbstractHttpResponseCodec.decode(AbstractHttpResponseCodec.java:44)
	at org.openqa.selenium.remote.HttpCommandExecutor.execute(HttpCommandExecutor.java:158)
	at org.openqa.selenium.winium.WiniumDriverCommandExecutor.execute(WiniumDriverCommandExecutor.java:78)
	at org.openqa.selenium.remote.RemoteWebDriver.execute(RemoteWebDriver.java:552)
	at org.openqa.selenium.remote.RemoteWebDriver.findElement(RemoteWebDriver.java:323)
	at org.openqa.selenium.remote.RemoteWebDriver.findElementByName(RemoteWebDriver.java:404)
	at org.openqa.selenium.By$ByName.findElement(By.java:284)
	at org.openqa.selenium.remote.RemoteWebDriver.findElement(RemoteWebDriver.java:315)
	at Desktop.CalculatorTest.Add(CalculatorTest.java:26)
... Removed 29 stack frames]]>
    </failure>
  </testcase> <!-- Add -->
</testsuite> <!-- Calculator -->
