<?xml version="1.0" encoding="UTF-8"?>
<testng-results total="1" passed="1" failed="0" skipped="0">
  <reporter-output>
  </reporter-output>
  <suite started-at="2020-09-02T12:17:16Z" name="APP" finished-at="2020-09-02T12:17:34Z" duration-ms="17537">
    <groups>
    </groups>
    <test started-at="2020-09-02T12:17:16Z" name="Login" finished-at="2020-09-02T12:17:34Z" duration-ms="17537">
      <class name="utilities.ExtentReport">
        <test-method is-config="true" signature="startReport(java.lang.String)[pri:0, instance:utilities.ExtentReport@7692d9cc]" started-at="2020-09-02T14:17:16Z" name="startReport" finished-at="2020-09-02T14:17:16Z" duration-ms="151" status="PASS">
          <params>
            <param index="0">
              <value>
                <![CDATA[Login]]>
              </value>
            </param>
          </params>
          <reporter-output>
          </reporter-output>
        </test-method> <!-- startReport -->
        <test-method is-config="true" signature="appInit()[pri:0, instance:app.LoginExecuter@2fd6b6c7]" started-at="2020-09-02T14:17:16Z" name="appInit" finished-at="2020-09-02T14:17:27Z" duration-ms="11073" status="PASS">
          <reporter-output>
          </reporter-output>
        </test-method> <!-- appInit -->
        <test-method is-config="true" signature="endReport()[pri:0, instance:utilities.ExtentReport@7692d9cc]" started-at="2020-09-02T14:17:33Z" name="endReport" finished-at="2020-09-02T14:17:34Z" duration-ms="670" status="PASS">
          <reporter-output>
          </reporter-output>
        </test-method> <!-- endReport -->
      </class> <!-- utilities.ExtentReport -->
      <class name="app.LoginExecuter">
        <test-method signature="MISubscriptionTestActions()[pri:0, instance:app.LoginExecuter@2fd6b6c7]" started-at="2020-09-02T14:17:27Z" name="MISubscriptionTestActions" finished-at="2020-09-02T14:17:33Z" duration-ms="5609" status="PASS">
          <reporter-output>
          </reporter-output>
        </test-method> <!-- MISubscriptionTestActions -->
      </class> <!-- app.LoginExecuter -->
    </test> <!-- Login -->
  </suite> <!-- APP -->
</testng-results>
