<?xml version="1.0" encoding="UTF-8"?>
<testng-results skipped="0" failed="0" total="1" passed="1">
  <reporter-output>
  </reporter-output>
  <suite name="APP" duration-ms="25688" started-at="2020-09-12T23:12:47Z" finished-at="2020-09-12T23:13:12Z">
    <groups>
    </groups>
    <test name="Login" duration-ms="25688" started-at="2020-09-12T23:12:47Z" finished-at="2020-09-12T23:13:12Z">
      <class name="utilities.ExtentReport">
        <test-method status="PASS" signature="startReport(java.lang.String)[pri:0, instance:utilities.ExtentReport@55d56113]" name="startReport" is-config="true" duration-ms="162" started-at="2020-09-13T01:12:47Z" finished-at="2020-09-13T01:12:47Z">
          <params>
            <param index="0">
              <value>
                <![CDATA[Login]]>
              </value>
            </param>
          </params>
          <reporter-output>
          </reporter-output>
        </test-method> <!-- startReport -->
        <test-method status="PASS" signature="appInit()[pri:0, instance:app.LoginExecuter@25bbe1b6]" name="appInit" is-config="true" duration-ms="17204" started-at="2020-09-13T01:12:47Z" finished-at="2020-09-13T01:13:04Z">
          <reporter-output>
          </reporter-output>
        </test-method> <!-- appInit -->
        <test-method status="PASS" signature="endReport()[pri:0, instance:utilities.ExtentReport@55d56113]" name="endReport" is-config="true" duration-ms="513" started-at="2020-09-13T01:13:12Z" finished-at="2020-09-13T01:13:12Z">
          <reporter-output>
          </reporter-output>
        </test-method> <!-- endReport -->
      </class> <!-- utilities.ExtentReport -->
      <class name="app.LoginExecuter">
        <test-method status="PASS" signature="MISubscriptionTestActions()[pri:0, instance:app.LoginExecuter@25bbe1b6]" name="MISubscriptionTestActions" duration-ms="7784" started-at="2020-09-13T01:13:04Z" finished-at="2020-09-13T01:13:12Z">
          <reporter-output>
          </reporter-output>
        </test-method> <!-- MISubscriptionTestActions -->
      </class> <!-- app.LoginExecuter -->
    </test> <!-- Login -->
  </suite> <!-- APP -->
</testng-results>
