<?xml version="1.0" encoding="UTF-8"?>
<testng-results skipped="0" failed="1" total="4" passed="3">
  <reporter-output>
  </reporter-output>
  <suite name="Default suite" duration-ms="18546" started-at="2020-11-10T09:07:34Z" finished-at="2020-11-10T09:07:52Z">
    <groups>
      <group name="cucumber">
        <method signature="AbstractTestNGCucumberTests.runScenario(io.cucumber.testng.PickleWrapper, io.cucumber.testng.FeatureWrapper)[pri:0, instance:runner.SearchRunner@2758fe70]" name="runScenario" class="io.cucumber.testng.AbstractTestNGCucumberTests"/>
      </group> <!-- cucumber -->
    </groups>
    <test name="Default test" duration-ms="18546" started-at="2020-11-10T09:07:34Z" finished-at="2020-11-10T09:07:52Z">
      <class name="runner.SearchRunner">
        <test-method status="PASS" signature="webInit(java.lang.String)[pri:0, instance:runner.SearchRunner@2758fe70]" name="webInit" is-config="true" duration-ms="2121" started-at="2020-11-10T11:07:34Z" finished-at="2020-11-10T11:07:36Z">
          <params>
            <param index="0">
              <value>
                <![CDATA[Chrome]]>
              </value>
            </param>
          </params>
          <reporter-output>
          </reporter-output>
        </test-method> <!-- webInit -->
        <test-method status="PASS" signature="setUpClass()[pri:0, instance:runner.SearchRunner@2758fe70]" name="setUpClass" is-config="true" duration-ms="390" started-at="2020-11-10T11:07:36Z" finished-at="2020-11-10T11:07:36Z">
          <reporter-output>
          </reporter-output>
        </test-method> <!-- setUpClass -->
        <test-method status="FAIL" signature="runScenario(io.cucumber.testng.PickleWrapper, io.cucumber.testng.FeatureWrapper)[pri:0, instance:runner.SearchRunner@2758fe70]" name="runScenario" duration-ms="8101" started-at="2020-11-10T11:07:36Z" description="Runs Cucumber Scenarios" data-provider="scenarios" finished-at="2020-11-10T11:07:44Z">
          <params>
            <param index="0">
              <value>
                <![CDATA["Open Wikipedia from Google"]]>
              </value>
            </param>
            <param index="1">
              <value>
                <![CDATA["Optional[Wikipedia Search]"]]>
              </value>
            </param>
          </params>
          <exception class="java.lang.AssertionError">
            <full-stacktrace>
              <![CDATA[java.lang.AssertionError
	at steps.Search.wikipedia_website_is_opened(Search.java:43)
	at ✽.Wikipedia website is opened(file:///D:/Automation/HybridFramework/src/test/java/features/Search.feature:9)
]]>
            </full-stacktrace>
          </exception> <!-- java.lang.AssertionError -->
          <reporter-output>
          </reporter-output>
        </test-method> <!-- runScenario -->
        <test-method status="PASS" signature="runScenario(io.cucumber.testng.PickleWrapper, io.cucumber.testng.FeatureWrapper)[pri:0, instance:runner.SearchRunner@2758fe70]" name="runScenario" duration-ms="3452" started-at="2020-11-10T11:07:44Z" description="Runs Cucumber Scenarios" data-provider="scenarios" finished-at="2020-11-10T11:07:48Z">
          <params>
            <param index="0">
              <value>
                <![CDATA["Search for other words according to movies"]]>
              </value>
            </param>
            <param index="1">
              <value>
                <![CDATA["Optional[Wikipedia Search]"]]>
              </value>
            </param>
          </params>
          <reporter-output>
          </reporter-output>
        </test-method> <!-- runScenario -->
        <test-method status="PASS" signature="runScenario(io.cucumber.testng.PickleWrapper, io.cucumber.testng.FeatureWrapper)[pri:0, instance:runner.SearchRunner@2758fe70]" name="runScenario" duration-ms="2114" started-at="2020-11-10T11:07:48Z" description="Runs Cucumber Scenarios" data-provider="scenarios" finished-at="2020-11-10T11:07:50Z">
          <params>
            <param index="0">
              <value>
                <![CDATA["Search for other words according to social1"]]>
              </value>
            </param>
            <param index="1">
              <value>
                <![CDATA["Optional[Wikipedia Search]"]]>
              </value>
            </param>
          </params>
          <reporter-output>
          </reporter-output>
        </test-method> <!-- runScenario -->
        <test-method status="PASS" signature="runScenario(io.cucumber.testng.PickleWrapper, io.cucumber.testng.FeatureWrapper)[pri:0, instance:runner.SearchRunner@2758fe70]" name="runScenario" duration-ms="2297" started-at="2020-11-10T11:07:50Z" description="Runs Cucumber Scenarios" data-provider="scenarios" finished-at="2020-11-10T11:07:52Z">
          <params>
            <param index="0">
              <value>
                <![CDATA["Search for other words according to social2"]]>
              </value>
            </param>
            <param index="1">
              <value>
                <![CDATA["Optional[Wikipedia Search]"]]>
              </value>
            </param>
          </params>
          <reporter-output>
          </reporter-output>
        </test-method> <!-- runScenario -->
        <test-method status="PASS" signature="tearDownClass()[pri:0, instance:runner.SearchRunner@2758fe70]" name="tearDownClass" is-config="true" duration-ms="34" started-at="2020-11-10T11:07:52Z" finished-at="2020-11-10T11:07:52Z">
          <reporter-output>
          </reporter-output>
        </test-method> <!-- tearDownClass -->
      </class> <!-- runner.SearchRunner -->
    </test> <!-- Default test -->
  </suite> <!-- Default suite -->
</testng-results>
